This file contains any messages produced by compilers while
running configure, to aid debugging if configure makes a mistake.

It was created by VtCombiner configure 0.0.1, which was
generated by GNU Autoconf 2.69.  Invocation command line was

  $ ../configure 

## --------- ##
## Platform. ##
## --------- ##

hostname = stephanies-mbp.uconnect.utah.edu
uname -m = x86_64
uname -r = 17.7.0
uname -s = Darwin
uname -v = Darwin Kernel Version 17.7.0: Thu Jun 21 22:53:14 PDT 2018; root:xnu-4570.71.2~1/RELEASE_X86_64

/usr/bin/uname -p = i386
/bin/uname -X     = unknown

/bin/arch              = unknown
/usr/bin/arch -k       = unknown
/usr/convex/getsysinfo = unknown
/usr/bin/hostinfo      = Mach kernel version:
	 Darwin Kernel Version 17.7.0: Thu Jun 21 22:53:14 PDT 2018; root:xnu-4570.71.2~1/RELEASE_X86_64
Kernel configured for up to 4 processors.
2 processors are physically available.
4 processors are logically available.
Processor type: x86_64h (Intel x86-64h Haswell)
Processors active: 0 1 2 3
Primary memory available: 16.00 gigabytes
Default processor set: 490 tasks, 3061 threads, 4 processors
Load average: 1.83, Mach factor: 2.24
/bin/machine           = unknown
/usr/bin/oslevel       = unknown
/bin/universe          = unknown

PATH: /Users/genetics/.nvm/versions/node/v8.11.3/bin
PATH: /Users/genetics/.npm-packages/bin
PATH: /Users/genetics/Applications/Tools/tabix-0.2.6
PATH: /Users/genetics/Documents/Code/gtenricher/build/src/
PATH: /usr/local/bin
PATH: /usr/bin
PATH: /bin
PATH: /usr/sbin
PATH: /sbin


## ----------- ##
## Core tests. ##
## ----------- ##

configure:2319: checking for a BSD-compatible install
configure:2387: result: /usr/bin/install -c
configure:2398: checking whether build environment is sane
configure:2453: result: yes
configure:2604: checking for a thread-safe mkdir -p
configure:2643: result: ../build-aux/install-sh -c -d
configure:2650: checking for gawk
configure:2680: result: no
configure:2650: checking for mawk
configure:2680: result: no
configure:2650: checking for nawk
configure:2680: result: no
configure:2650: checking for awk
configure:2666: found /usr/bin/awk
configure:2677: result: awk
configure:2688: checking whether make sets $(MAKE)
configure:2710: result: yes
configure:2739: checking whether make supports nested variables
configure:2756: result: yes
configure:2947: checking for g++
configure:2963: found /usr/bin/g++
configure:2974: result: g++
configure:3001: checking for C++ compiler version
configure:3010: g++ --version >&5
Apple LLVM version 10.0.0 (clang-1000.10.44.2)
Target: x86_64-apple-darwin17.7.0
Thread model: posix
InstalledDir: /Library/Developer/CommandLineTools/usr/bin
Configured with: --prefix=/Library/Developer/CommandLineTools/usr --with-gxx-include-dir=/usr/include/c++/4.2.1
configure:3021: $? = 0
configure:3010: g++ -v >&5
Configured with: --prefix=/Library/Developer/CommandLineTools/usr --with-gxx-include-dir=/usr/include/c++/4.2.1
Apple LLVM version 10.0.0 (clang-1000.10.44.2)
Target: x86_64-apple-darwin17.7.0
Thread model: posix
InstalledDir: /Library/Developer/CommandLineTools/usr/bin
configure:3021: $? = 0
configure:3010: g++ -V >&5
clang: error: argument to '-V' is missing (expected 1 value)
clang: error: no input files
configure:3021: $? = 1
configure:3010: g++ -qversion >&5
clang: error: unknown argument: '-qversion'
clang: error: no input files
configure:3021: $? = 1
configure:3041: checking whether the C++ compiler works
configure:3063: g++    conftest.cpp  >&5
configure:3067: $? = 0
configure:3115: result: yes
configure:3118: checking for C++ compiler default output file name
configure:3120: result: a.out
configure:3126: checking for suffix of executables
configure:3133: g++ -o conftest    conftest.cpp  >&5
configure:3137: $? = 0
configure:3159: result: 
configure:3181: checking whether we are cross compiling
configure:3189: g++ -o conftest    conftest.cpp  >&5
configure:3193: $? = 0
configure:3200: ./conftest
configure:3204: $? = 0
configure:3219: result: no
configure:3224: checking for suffix of object files
configure:3246: g++ -c   conftest.cpp >&5
configure:3250: $? = 0
configure:3271: result: o
configure:3275: checking whether we are using the GNU C++ compiler
configure:3294: g++ -c   conftest.cpp >&5
configure:3294: $? = 0
configure:3303: result: yes
configure:3312: checking whether g++ accepts -g
configure:3332: g++ -c -g  conftest.cpp >&5
configure:3332: $? = 0
configure:3373: result: yes
configure:3399: checking whether make supports the include directive
configure:3414: make -f confmf.GNU && cat confinc.out
this is the am__doit target
configure:3417: $? = 0
configure:3436: result: yes (GNU style)
configure:3461: checking dependency style of g++
configure:3572: result: gcc3
configure:3635: checking for gcc
configure:3651: found /usr/bin/gcc
configure:3662: result: gcc
configure:3891: checking for C compiler version
configure:3900: gcc --version >&5
Apple LLVM version 10.0.0 (clang-1000.10.44.2)
Target: x86_64-apple-darwin17.7.0
Thread model: posix
InstalledDir: /Library/Developer/CommandLineTools/usr/bin
Configured with: --prefix=/Library/Developer/CommandLineTools/usr --with-gxx-include-dir=/usr/include/c++/4.2.1
configure:3911: $? = 0
configure:3900: gcc -v >&5
Configured with: --prefix=/Library/Developer/CommandLineTools/usr --with-gxx-include-dir=/usr/include/c++/4.2.1
Apple LLVM version 10.0.0 (clang-1000.10.44.2)
Target: x86_64-apple-darwin17.7.0
Thread model: posix
InstalledDir: /Library/Developer/CommandLineTools/usr/bin
configure:3911: $? = 0
configure:3900: gcc -V >&5
clang: error: argument to '-V' is missing (expected 1 value)
clang: error: no input files
configure:3911: $? = 1
configure:3900: gcc -qversion >&5
clang: error: unknown argument: '-qversion'
clang: error: no input files
configure:3911: $? = 1
configure:3915: checking whether we are using the GNU C compiler
configure:3934: gcc -c   conftest.c >&5
configure:3934: $? = 0
configure:3943: result: yes
configure:3952: checking whether gcc accepts -g
configure:3972: gcc -c -g  conftest.c >&5
configure:3972: $? = 0
configure:4013: result: yes
configure:4030: checking for gcc option to accept ISO C89
configure:4093: gcc  -c -g -O2  conftest.c >&5
configure:4093: $? = 0
configure:4106: result: none needed
configure:4131: checking whether gcc understands -c and -o together
configure:4153: gcc -c conftest.c -o conftest2.o
configure:4156: $? = 0
configure:4153: gcc -c conftest.c -o conftest2.o
configure:4156: $? = 0
configure:4168: result: yes
configure:4187: checking dependency style of gcc
configure:4298: result: gcc3
configure:4363: checking for ar
configure:4379: found /usr/bin/ar
configure:4390: result: ar
configure:4416: checking the archiver (ar) interface
configure:4432: gcc -c -g -O2  conftest.c >&5
configure:4432: $? = 0
configure:4434: ar cru libconftest.a conftest.o >&5
configure:4437: $? = 0
configure:4465: result: ar
configure:4515: checking build system type
configure:4529: result: x86_64-apple-darwin17.7.0
configure:4549: checking host system type
configure:4562: result: x86_64-apple-darwin17.7.0
configure:4603: checking how to print strings
configure:4630: result: printf
configure:4651: checking for a sed that does not truncate output
configure:4715: result: /usr/bin/sed
configure:4733: checking for grep that handles long lines and -e
configure:4791: result: /usr/bin/grep
configure:4796: checking for egrep
configure:4858: result: /usr/bin/grep -E
configure:4863: checking for fgrep
configure:4925: result: /usr/bin/grep -F
configure:4960: checking for ld used by gcc
configure:5027: result: /Library/Developer/CommandLineTools/usr/bin/ld
configure:5034: checking if the linker (/Library/Developer/CommandLineTools/usr/bin/ld) is GNU ld
configure:5049: result: no
configure:5061: checking for BSD- or MS-compatible name lister (nm)
configure:5115: result: /usr/bin/nm -B
configure:5245: checking the name lister (/usr/bin/nm -B) interface
configure:5252: gcc -c -g -O2  conftest.c >&5
configure:5255: /usr/bin/nm -B "conftest.o"
configure:5258: output
00000000000001e0 S _some_variable
configure:5265: result: BSD nm
configure:5268: checking whether ln -s works
configure:5272: result: yes
configure:5280: checking the maximum length of command line arguments
configure:5411: result: 196608
configure:5459: checking how to convert x86_64-apple-darwin17.7.0 file names to x86_64-apple-darwin17.7.0 format
configure:5499: result: func_convert_file_noop
configure:5506: checking how to convert x86_64-apple-darwin17.7.0 file names to toolchain format
configure:5526: result: func_convert_file_noop
configure:5533: checking for /Library/Developer/CommandLineTools/usr/bin/ld option to reload object files
configure:5540: result: -r
configure:5614: checking for objdump
configure:5630: found /usr/bin/objdump
configure:5641: result: objdump
configure:5673: checking how to recognize dependent libraries
configure:5873: result: pass_all
configure:5958: checking for dlltool
configure:5988: result: no
configure:6018: checking how to associate runtime and link libraries
configure:6045: result: printf %s\n
configure:6169: checking for archiver @FILE support
configure:6186: gcc -c -g -O2  conftest.c >&5
configure:6186: $? = 0
configure:6189: ar cru libconftest.a @conftest.lst >&5
ar: @conftest.lst: No such file or directory
configure:6192: $? = 1
configure:6212: result: no
configure:6270: checking for strip
configure:6286: found /usr/bin/strip
configure:6297: result: strip
configure:6369: checking for ranlib
configure:6385: found /usr/bin/ranlib
configure:6396: result: ranlib
configure:6498: checking command to parse /usr/bin/nm -B output from gcc object
configure:6651: gcc -c -g -O2  conftest.c >&5
configure:6654: $? = 0
configure:6658: /usr/bin/nm -B conftest.o \| sed -n -e 's/^.*[ ]\([BCDEGRST][BCDEGRST]*\)[ ][ ]*\([_A-Za-z][_A-Za-z0-9]*\)$/\1 \2 \2/p' | sed '/ __gnu_lto/d' \> conftest.nm
configure:6661: $? = 0
cannot find nm_test_var in conftest.nm
configure:6651: gcc -c -g -O2  conftest.c >&5
configure:6654: $? = 0
configure:6658: /usr/bin/nm -B conftest.o \| sed -n -e 's/^.*[ ]\([BCDEGRST][BCDEGRST]*\)[ ][ ]*_\([_A-Za-z][_A-Za-z0-9]*\)$/\1 _\2 \2/p' | sed '/ __gnu_lto/d' \> conftest.nm
configure:6661: $? = 0
configure:6727: gcc -o conftest -g -O2   conftest.c conftstm.o >&5
warning: (x86_64)  could not find object file symbol for symbol _main
configure:6730: $? = 0
configure:6768: result: ok
configure:6815: checking for sysroot
configure:6845: result: no
configure:6852: checking for a working dd
configure:6890: result: /bin/dd
configure:6894: checking how to truncate binary pipes
configure:6909: result: /bin/dd bs=4096 count=1
configure:7238: checking for mt
configure:7268: result: no
configure:7288: checking if : is a manifest tool
configure:7294: : '-?'
configure:7302: result: no
configure:7358: checking for dsymutil
configure:7374: found /usr/bin/dsymutil
configure:7385: result: dsymutil
configure:7450: checking for nmedit
configure:7466: found /usr/bin/nmedit
configure:7477: result: nmedit
configure:7542: checking for lipo
configure:7558: found /usr/bin/lipo
configure:7569: result: lipo
configure:7634: checking for otool
configure:7650: found /usr/bin/otool
configure:7661: result: otool
configure:7726: checking for otool64
configure:7756: result: no
configure:7801: checking for -single_module linker flag
gcc -g -O2  -o libconftest.dylib -dynamiclib -Wl,-single_module conftest.c
configure:7834: result: yes
configure:7837: checking for -exported_symbols_list linker flag
configure:7857: gcc -o conftest -g -O2   -Wl,-exported_symbols_list,conftest.sym conftest.c  >&5
configure:7857: $? = 0
configure:7867: result: yes
configure:7870: checking for -force_load linker flag
gcc -g -O2 -c -o conftest.o conftest.c
ar cru libconftest.a conftest.o
ranlib libconftest.a
gcc -g -O2  -o conftest conftest.c -Wl,-force_load,./libconftest.a
configure:7902: result: yes
configure:7979: checking how to run the C preprocessor
configure:8010: gcc -E  conftest.c
configure:8010: $? = 0
configure:8024: gcc -E  conftest.c
conftest.c:11:10: fatal error: 'ac_nonexistent.h' file not found
#include <ac_nonexistent.h>
         ^~~~~~~~~~~~~~~~~~
1 error generated.
configure:8024: $? = 1
configure: failed program was:
| /* confdefs.h */
| #define PACKAGE_NAME "VtCombiner"
| #define PACKAGE_TARNAME "vtcombiner"
| #define PACKAGE_VERSION "0.0.1"
| #define PACKAGE_STRING "VtCombiner 0.0.1"
| #define PACKAGE_BUGREPORT "stephanie.georges@genetics.utah.edu"
| #define PACKAGE_URL ""
| #define PACKAGE "vtcombiner"
| #define VERSION "0.0.1"
| /* end confdefs.h.  */
| #include <ac_nonexistent.h>
configure:8049: result: gcc -E
configure:8069: gcc -E  conftest.c
configure:8069: $? = 0
configure:8083: gcc -E  conftest.c
conftest.c:11:10: fatal error: 'ac_nonexistent.h' file not found
#include <ac_nonexistent.h>
         ^~~~~~~~~~~~~~~~~~
1 error generated.
configure:8083: $? = 1
configure: failed program was:
| /* confdefs.h */
| #define PACKAGE_NAME "VtCombiner"
| #define PACKAGE_TARNAME "vtcombiner"
| #define PACKAGE_VERSION "0.0.1"
| #define PACKAGE_STRING "VtCombiner 0.0.1"
| #define PACKAGE_BUGREPORT "stephanie.georges@genetics.utah.edu"
| #define PACKAGE_URL ""
| #define PACKAGE "vtcombiner"
| #define VERSION "0.0.1"
| /* end confdefs.h.  */
| #include <ac_nonexistent.h>
configure:8112: checking for ANSI C header files
configure:8132: gcc -c -g -O2  conftest.c >&5
configure:8132: $? = 0
configure:8205: gcc -o conftest -g -O2   conftest.c  >&5
configure:8205: $? = 0
configure:8205: ./conftest
configure:8205: $? = 0
configure:8216: result: yes
configure:8229: checking for sys/types.h
configure:8229: gcc -c -g -O2  conftest.c >&5
configure:8229: $? = 0
configure:8229: result: yes
configure:8229: checking for sys/stat.h
configure:8229: gcc -c -g -O2  conftest.c >&5
configure:8229: $? = 0
configure:8229: result: yes
configure:8229: checking for stdlib.h
configure:8229: gcc -c -g -O2  conftest.c >&5
configure:8229: $? = 0
configure:8229: result: yes
configure:8229: checking for string.h
configure:8229: gcc -c -g -O2  conftest.c >&5
configure:8229: $? = 0
configure:8229: result: yes
configure:8229: checking for memory.h
configure:8229: gcc -c -g -O2  conftest.c >&5
configure:8229: $? = 0
configure:8229: result: yes
configure:8229: checking for strings.h
configure:8229: gcc -c -g -O2  conftest.c >&5
configure:8229: $? = 0
configure:8229: result: yes
configure:8229: checking for inttypes.h
configure:8229: gcc -c -g -O2  conftest.c >&5
configure:8229: $? = 0
configure:8229: result: yes
configure:8229: checking for stdint.h
configure:8229: gcc -c -g -O2  conftest.c >&5
configure:8229: $? = 0
configure:8229: result: yes
configure:8229: checking for unistd.h
configure:8229: gcc -c -g -O2  conftest.c >&5
configure:8229: $? = 0
configure:8229: result: yes
configure:8243: checking for dlfcn.h
configure:8243: gcc -c -g -O2  conftest.c >&5
configure:8243: $? = 0
configure:8243: result: yes
configure:8510: checking for objdir
configure:8525: result: .libs
configure:8789: checking if gcc supports -fno-rtti -fno-exceptions
configure:8807: gcc -c -g -O2  -fno-rtti -fno-exceptions conftest.c >&5
configure:8811: $? = 0
configure:8824: result: yes
configure:9182: checking for gcc option to produce PIC
configure:9189: result: -fno-common -DPIC
configure:9197: checking if gcc PIC flag -fno-common -DPIC works
configure:9215: gcc -c -g -O2  -fno-common -DPIC -DPIC conftest.c >&5
configure:9219: $? = 0
configure:9232: result: yes
configure:9261: checking if gcc static flag -static works
configure:9289: result: no
configure:9304: checking if gcc supports -c -o file.o
configure:9325: gcc -c -g -O2  -o out/conftest2.o conftest.c >&5
configure:9329: $? = 0
configure:9351: result: yes
configure:9359: checking if gcc supports -c -o file.o
configure:9406: result: yes
configure:9439: checking whether the gcc linker (/Library/Developer/CommandLineTools/usr/bin/ld) supports shared libraries
configure:10698: result: yes
configure:10938: checking dynamic linker characteristics
configure:11756: result: darwin17.7.0 dyld
configure:11878: checking how to hardcode library paths into programs
configure:11903: result: immediate
configure:12451: checking whether stripping libraries is possible
configure:12465: result: yes
configure:12491: checking if libtool supports shared libraries
configure:12493: result: yes
configure:12496: checking whether to build shared libraries
configure:12521: result: yes
configure:12524: checking whether to build static libraries
configure:12528: result: yes
configure:12551: checking how to run the C++ preprocessor
configure:12578: g++ -E  conftest.cpp
configure:12578: $? = 0
configure:12592: g++ -E  conftest.cpp
conftest.cpp:23:10: fatal error: 'ac_nonexistent.h' file not found
#include <ac_nonexistent.h>
         ^~~~~~~~~~~~~~~~~~
1 error generated.
configure:12592: $? = 1
configure: failed program was:
| /* confdefs.h */
| #define PACKAGE_NAME "VtCombiner"
| #define PACKAGE_TARNAME "vtcombiner"
| #define PACKAGE_VERSION "0.0.1"
| #define PACKAGE_STRING "VtCombiner 0.0.1"
| #define PACKAGE_BUGREPORT "stephanie.georges@genetics.utah.edu"
| #define PACKAGE_URL ""
| #define PACKAGE "vtcombiner"
| #define VERSION "0.0.1"
| #define STDC_HEADERS 1
| #define HAVE_SYS_TYPES_H 1
| #define HAVE_SYS_STAT_H 1
| #define HAVE_STDLIB_H 1
| #define HAVE_STRING_H 1
| #define HAVE_MEMORY_H 1
| #define HAVE_STRINGS_H 1
| #define HAVE_INTTYPES_H 1
| #define HAVE_STDINT_H 1
| #define HAVE_UNISTD_H 1
| #define HAVE_DLFCN_H 1
| #define LT_OBJDIR ".libs/"
| /* end confdefs.h.  */
| #include <ac_nonexistent.h>
configure:12617: result: g++ -E
configure:12637: g++ -E  conftest.cpp
configure:12637: $? = 0
configure:12651: g++ -E  conftest.cpp
conftest.cpp:23:10: fatal error: 'ac_nonexistent.h' file not found
#include <ac_nonexistent.h>
         ^~~~~~~~~~~~~~~~~~
1 error generated.
configure:12651: $? = 1
configure: failed program was:
| /* confdefs.h */
| #define PACKAGE_NAME "VtCombiner"
| #define PACKAGE_TARNAME "vtcombiner"
| #define PACKAGE_VERSION "0.0.1"
| #define PACKAGE_STRING "VtCombiner 0.0.1"
| #define PACKAGE_BUGREPORT "stephanie.georges@genetics.utah.edu"
| #define PACKAGE_URL ""
| #define PACKAGE "vtcombiner"
| #define VERSION "0.0.1"
| #define STDC_HEADERS 1
| #define HAVE_SYS_TYPES_H 1
| #define HAVE_SYS_STAT_H 1
| #define HAVE_STDLIB_H 1
| #define HAVE_STRING_H 1
| #define HAVE_MEMORY_H 1
| #define HAVE_STRINGS_H 1
| #define HAVE_INTTYPES_H 1
| #define HAVE_STDINT_H 1
| #define HAVE_UNISTD_H 1
| #define HAVE_DLFCN_H 1
| #define LT_OBJDIR ".libs/"
| /* end confdefs.h.  */
| #include <ac_nonexistent.h>
configure:12813: checking for ld used by g++
configure:12880: result: /Library/Developer/CommandLineTools/usr/bin/ld
configure:12887: checking if the linker (/Library/Developer/CommandLineTools/usr/bin/ld) is GNU ld
configure:12902: result: no
configure:12957: checking whether the g++ linker (/Library/Developer/CommandLineTools/usr/bin/ld) supports shared libraries
configure:14030: result: yes
configure:14066: g++ -c -g -O2  conftest.cpp >&5
configure:14069: $? = 0
configure:14550: checking for g++ option to produce PIC
configure:14557: result: -fno-common -DPIC
configure:14565: checking if g++ PIC flag -fno-common -DPIC works
configure:14583: g++ -c -g -O2  -fno-common -DPIC -DPIC conftest.cpp >&5
configure:14587: $? = 0
configure:14600: result: yes
configure:14623: checking if g++ static flag -static works
configure:14651: result: no
configure:14663: checking if g++ supports -c -o file.o
configure:14684: g++ -c -g -O2  -o out/conftest2.o conftest.cpp >&5
configure:14688: $? = 0
configure:14710: result: yes
configure:14715: checking if g++ supports -c -o file.o
configure:14762: result: yes
configure:14792: checking whether the g++ linker (/Library/Developer/CommandLineTools/usr/bin/ld) supports shared libraries
configure:14832: result: yes
configure:14973: checking dynamic linker characteristics
configure:15718: result: darwin17.7.0 dyld
configure:15783: checking how to hardcode library paths into programs
configure:15808: result: immediate
configure:15882: checking whether g++ supports C++14 features by default
configure:16296: g++ -c -g -O2  conftest.cpp >&5
conftest.cpp:34:2: error: "This is not a C++11 compiler"
#error "This is not a C++11 compiler"
 ^
conftest.cpp:319:2: error: "This is not a C++14 compiler"
#error "This is not a C++14 compiler"
 ^
2 errors generated.
configure:16296: $? = 1
configure: failed program was:
| /* confdefs.h */
| #define PACKAGE_NAME "VtCombiner"
| #define PACKAGE_TARNAME "vtcombiner"
| #define PACKAGE_VERSION "0.0.1"
| #define PACKAGE_STRING "VtCombiner 0.0.1"
| #define PACKAGE_BUGREPORT "stephanie.georges@genetics.utah.edu"
| #define PACKAGE_URL ""
| #define PACKAGE "vtcombiner"
| #define VERSION "0.0.1"
| #define STDC_HEADERS 1
| #define HAVE_SYS_TYPES_H 1
| #define HAVE_SYS_STAT_H 1
| #define HAVE_STDLIB_H 1
| #define HAVE_STRING_H 1
| #define HAVE_MEMORY_H 1
| #define HAVE_STRINGS_H 1
| #define HAVE_INTTYPES_H 1
| #define HAVE_STDINT_H 1
| #define HAVE_UNISTD_H 1
| #define HAVE_DLFCN_H 1
| #define LT_OBJDIR ".libs/"
| /* end confdefs.h.  */
| 
| 
| // If the compiler admits that it is not ready for C++11, why torture it?
| // Hopefully, this will speed up the test.
| 
| #ifndef __cplusplus
| 
| #error "This is not a C++ compiler"
| 
| #elif __cplusplus < 201103L
| 
| #error "This is not a C++11 compiler"
| 
| #else
| 
| namespace cxx11
| {
| 
|   namespace test_static_assert
|   {
| 
|     template <typename T>
|     struct check
|     {
|       static_assert(sizeof(int) <= sizeof(T), "not big enough");
|     };
| 
|   }
| 
|   namespace test_final_override
|   {
| 
|     struct Base
|     {
|       virtual void f() {}
|     };
| 
|     struct Derived : public Base
|     {
|       virtual void f() override {}
|     };
| 
|   }
| 
|   namespace test_double_right_angle_brackets
|   {
| 
|     template < typename T >
|     struct check {};
| 
|     typedef check<void> single_type;
|     typedef check<check<void>> double_type;
|     typedef check<check<check<void>>> triple_type;
|     typedef check<check<check<check<void>>>> quadruple_type;
| 
|   }
| 
|   namespace test_decltype
|   {
| 
|     int
|     f()
|     {
|       int a = 1;
|       decltype(a) b = 2;
|       return a + b;
|     }
| 
|   }
| 
|   namespace test_type_deduction
|   {
| 
|     template < typename T1, typename T2 >
|     struct is_same
|     {
|       static const bool value = false;
|     };
| 
|     template < typename T >
|     struct is_same<T, T>
|     {
|       static const bool value = true;
|     };
| 
|     template < typename T1, typename T2 >
|     auto
|     add(T1 a1, T2 a2) -> decltype(a1 + a2)
|     {
|       return a1 + a2;
|     }
| 
|     int
|     test(const int c, volatile int v)
|     {
|       static_assert(is_same<int, decltype(0)>::value == true, "");
|       static_assert(is_same<int, decltype(c)>::value == false, "");
|       static_assert(is_same<int, decltype(v)>::value == false, "");
|       auto ac = c;
|       auto av = v;
|       auto sumi = ac + av + 'x';
|       auto sumf = ac + av + 1.0;
|       static_assert(is_same<int, decltype(ac)>::value == true, "");
|       static_assert(is_same<int, decltype(av)>::value == true, "");
|       static_assert(is_same<int, decltype(sumi)>::value == true, "");
|       static_assert(is_same<int, decltype(sumf)>::value == false, "");
|       static_assert(is_same<int, decltype(add(c, v))>::value == true, "");
|       return (sumf > 0.0) ? sumi : add(c, v);
|     }
| 
|   }
| 
|   namespace test_noexcept
|   {
| 
|     int f() { return 0; }
|     int g() noexcept { return 0; }
| 
|     static_assert(noexcept(f()) == false, "");
|     static_assert(noexcept(g()) == true, "");
| 
|   }
| 
|   namespace test_constexpr
|   {
| 
|     template < typename CharT >
|     unsigned long constexpr
|     strlen_c_r(const CharT *const s, const unsigned long acc) noexcept
|     {
|       return *s ? strlen_c_r(s + 1, acc + 1) : acc;
|     }
| 
|     template < typename CharT >
|     unsigned long constexpr
|     strlen_c(const CharT *const s) noexcept
|     {
|       return strlen_c_r(s, 0UL);
|     }
| 
|     static_assert(strlen_c("") == 0UL, "");
|     static_assert(strlen_c("1") == 1UL, "");
|     static_assert(strlen_c("example") == 7UL, "");
|     static_assert(strlen_c("another\0example") == 7UL, "");
| 
|   }
| 
|   namespace test_rvalue_references
|   {
| 
|     template < int N >
|     struct answer
|     {
|       static constexpr int value = N;
|     };
| 
|     answer<1> f(int&)       { return answer<1>(); }
|     answer<2> f(const int&) { return answer<2>(); }
|     answer<3> f(int&&)      { return answer<3>(); }
| 
|     void
|     test()
|     {
|       int i = 0;
|       const int c = 0;
|       static_assert(decltype(f(i))::value == 1, "");
|       static_assert(decltype(f(c))::value == 2, "");
|       static_assert(decltype(f(0))::value == 3, "");
|     }
| 
|   }
| 
|   namespace test_uniform_initialization
|   {
| 
|     struct test
|     {
|       static const int zero {};
|       static const int one {1};
|     };
| 
|     static_assert(test::zero == 0, "");
|     static_assert(test::one == 1, "");
| 
|   }
| 
|   namespace test_lambdas
|   {
| 
|     void
|     test1()
|     {
|       auto lambda1 = [](){};
|       auto lambda2 = lambda1;
|       lambda1();
|       lambda2();
|     }
| 
|     int
|     test2()
|     {
|       auto a = [](int i, int j){ return i + j; }(1, 2);
|       auto b = []() -> int { return '0'; }();
|       auto c = [=](){ return a + b; }();
|       auto d = [&](){ return c; }();
|       auto e = [a, &b](int x) mutable {
|         const auto identity = [](int y){ return y; };
|         for (auto i = 0; i < a; ++i)
|           a += b--;
|         return x + identity(a + b);
|       }(0);
|       return a + b + c + d + e;
|     }
| 
|     int
|     test3()
|     {
|       const auto nullary = [](){ return 0; };
|       const auto unary = [](int x){ return x; };
|       using nullary_t = decltype(nullary);
|       using unary_t = decltype(unary);
|       const auto higher1st = [](nullary_t f){ return f(); };
|       const auto higher2nd = [unary](nullary_t f1){
|         return [unary, f1](unary_t f2){ return f2(unary(f1())); };
|       };
|       return higher1st(nullary) + higher2nd(nullary)(unary);
|     }
| 
|   }
| 
|   namespace test_variadic_templates
|   {
| 
|     template <int...>
|     struct sum;
| 
|     template <int N0, int... N1toN>
|     struct sum<N0, N1toN...>
|     {
|       static constexpr auto value = N0 + sum<N1toN...>::value;
|     };
| 
|     template <>
|     struct sum<>
|     {
|       static constexpr auto value = 0;
|     };
| 
|     static_assert(sum<>::value == 0, "");
|     static_assert(sum<1>::value == 1, "");
|     static_assert(sum<23>::value == 23, "");
|     static_assert(sum<1, 2>::value == 3, "");
|     static_assert(sum<5, 5, 11>::value == 21, "");
|     static_assert(sum<2, 3, 5, 7, 11, 13>::value == 41, "");
| 
|   }
| 
|   // http://stackoverflow.com/questions/13728184/template-aliases-and-sfinae
|   // Clang 3.1 fails with headers of libstd++ 4.8.3 when using std::function
|   // because of this.
|   namespace test_template_alias_sfinae
|   {
| 
|     struct foo {};
| 
|     template<typename T>
|     using member = typename T::member_type;
| 
|     template<typename T>
|     void func(...) {}
| 
|     template<typename T>
|     void func(member<T>*) {}
| 
|     void test();
| 
|     void test() { func<foo>(0); }
| 
|   }
| 
| }  // namespace cxx11
| 
| #endif  // __cplusplus >= 201103L
| 
| 
| 
| 
| // If the compiler admits that it is not ready for C++14, why torture it?
| // Hopefully, this will speed up the test.
| 
| #ifndef __cplusplus
| 
| #error "This is not a C++ compiler"
| 
| #elif __cplusplus < 201402L
| 
| #error "This is not a C++14 compiler"
| 
| #else
| 
| namespace cxx14
| {
| 
|   namespace test_polymorphic_lambdas
|   {
| 
|     int
|     test()
|     {
|       const auto lambda = [](auto&&... args){
|         const auto istiny = [](auto x){
|           return (sizeof(x) == 1UL) ? 1 : 0;
|         };
|         const int aretiny[] = { istiny(args)... };
|         return aretiny[0];
|       };
|       return lambda(1, 1L, 1.0f, '1');
|     }
| 
|   }
| 
|   namespace test_binary_literals
|   {
| 
|     constexpr auto ivii = 0b0000000000101010;
|     static_assert(ivii == 42, "wrong value");
| 
|   }
| 
|   namespace test_generalized_constexpr
|   {
| 
|     template < typename CharT >
|     constexpr unsigned long
|     strlen_c(const CharT *const s) noexcept
|     {
|       auto length = 0UL;
|       for (auto p = s; *p; ++p)
|         ++length;
|       return length;
|     }
| 
|     static_assert(strlen_c("") == 0UL, "");
|     static_assert(strlen_c("x") == 1UL, "");
|     static_assert(strlen_c("test") == 4UL, "");
|     static_assert(strlen_c("another\0test") == 7UL, "");
| 
|   }
| 
|   namespace test_lambda_init_capture
|   {
| 
|     int
|     test()
|     {
|       auto x = 0;
|       const auto lambda1 = [a = x](int b){ return a + b; };
|       const auto lambda2 = [a = lambda1(x)](){ return a; };
|       return lambda2();
|     }
| 
|   }
| 
|   namespace test_digit_separators
|   {
| 
|     constexpr auto ten_million = 100'000'000;
|     static_assert(ten_million == 100000000, "");
| 
|   }
| 
|   namespace test_return_type_deduction
|   {
| 
|     auto f(int& x) { return x; }
|     decltype(auto) g(int& x) { return x; }
| 
|     template < typename T1, typename T2 >
|     struct is_same
|     {
|       static constexpr auto value = false;
|     };
| 
|     template < typename T >
|     struct is_same<T, T>
|     {
|       static constexpr auto value = true;
|     };
| 
|     int
|     test()
|     {
|       auto x = 0;
|       static_assert(is_same<int, decltype(f(x))>::value, "");
|       static_assert(is_same<int&, decltype(g(x))>::value, "");
|       return x;
|     }
| 
|   }
| 
| }  // namespace cxx14
| 
| #endif  // __cplusplus >= 201402L
| 
| 
| 
configure:16303: result: no
configure:16313: checking whether g++ supports C++14 features with -std=gnu++14
configure:16729: g++ -std=gnu++14 -c -g -O2  conftest.cpp >&5
configure:16729: $? = 0
configure:16738: result: yes
configure:17309: checking for cos in -lm
configure:17334: g++ -std=gnu++14 -o conftest    conftest.cpp -lm   >&5
configure:17334: $? = 0
configure:17343: result: yes
configure:17354: checking for cblas_dgemm in -lgslcblas
configure:17379: g++ -std=gnu++14 -o conftest    conftest.cpp -lgslcblas  -lm  >&5
configure:17379: $? = 0
configure:17388: result: yes
configure:17401: checking for gsl_stats_mean in -lgsl
configure:17426: g++ -std=gnu++14 -o conftest    conftest.cpp -lgsl  -lgslcblas -lm  >&5
configure:17426: $? = 0
configure:17435: result: yes
configure:17449: checking for bcf_read in -lhts
configure:17474: g++ -std=gnu++14 -o conftest    conftest.cpp -lhts  -lgsl -lgslcblas -lm  >&5
configure:17474: $? = 0
configure:17483: result: yes
configure:17607: checking that generated files are newer than configure
configure:17613: result: done
configure:17648: creating ./config.status

## ---------------------- ##
## Running config.status. ##
## ---------------------- ##

This file was extended by VtCombiner config.status 0.0.1, which was
generated by GNU Autoconf 2.69.  Invocation command line was

  CONFIG_FILES    = 
  CONFIG_HEADERS  = 
  CONFIG_LINKS    = 
  CONFIG_COMMANDS = 
  $ ./config.status 

on stephanies-mbp.uconnect.utah.edu

config.status:1154: creating Makefile
config.status:1154: creating src/Makefile
config.status:1154: creating config.h
config.status:1368: executing depfiles commands
config.status:1445: cd src       && sed -e '/# am--include-marker/d' Makefile         | make -f - am--depfiles
config.status:1450: $? = 0
config.status:1368: executing libtool commands

## ---------------- ##
## Cache variables. ##
## ---------------- ##

ac_cv_build=x86_64-apple-darwin17.7.0
ac_cv_c_compiler_gnu=yes
ac_cv_cxx_compiler_gnu=yes
ac_cv_env_CCC_set=
ac_cv_env_CCC_value=
ac_cv_env_CC_set=
ac_cv_env_CC_value=
ac_cv_env_CFLAGS_set=
ac_cv_env_CFLAGS_value=
ac_cv_env_CPPFLAGS_set=
ac_cv_env_CPPFLAGS_value=
ac_cv_env_CPP_set=
ac_cv_env_CPP_value=
ac_cv_env_CXXCPP_set=
ac_cv_env_CXXCPP_value=
ac_cv_env_CXXFLAGS_set=
ac_cv_env_CXXFLAGS_value=
ac_cv_env_CXX_set=
ac_cv_env_CXX_value=
ac_cv_env_LDFLAGS_set=
ac_cv_env_LDFLAGS_value=
ac_cv_env_LIBS_set=
ac_cv_env_LIBS_value=
ac_cv_env_LT_SYS_LIBRARY_PATH_set=
ac_cv_env_LT_SYS_LIBRARY_PATH_value=
ac_cv_env_build_alias_set=
ac_cv_env_build_alias_value=
ac_cv_env_host_alias_set=
ac_cv_env_host_alias_value=
ac_cv_env_target_alias_set=
ac_cv_env_target_alias_value=
ac_cv_header_dlfcn_h=yes
ac_cv_header_inttypes_h=yes
ac_cv_header_memory_h=yes
ac_cv_header_stdc=yes
ac_cv_header_stdint_h=yes
ac_cv_header_stdlib_h=yes
ac_cv_header_string_h=yes
ac_cv_header_strings_h=yes
ac_cv_header_sys_stat_h=yes
ac_cv_header_sys_types_h=yes
ac_cv_header_unistd_h=yes
ac_cv_host=x86_64-apple-darwin17.7.0
ac_cv_lib_gsl_gsl_stats_mean=yes
ac_cv_lib_gslcblas_cblas_dgemm=yes
ac_cv_lib_hts_bcf_read=yes
ac_cv_lib_m_cos=yes
ac_cv_objext=o
ac_cv_path_EGREP='/usr/bin/grep -E'
ac_cv_path_FGREP='/usr/bin/grep -F'
ac_cv_path_GREP=/usr/bin/grep
ac_cv_path_SED=/usr/bin/sed
ac_cv_path_install='/usr/bin/install -c'
ac_cv_path_lt_DD=/bin/dd
ac_cv_prog_AWK=awk
ac_cv_prog_CPP='gcc -E'
ac_cv_prog_CXXCPP='g++ -E'
ac_cv_prog_ac_ct_AR=ar
ac_cv_prog_ac_ct_CC=gcc
ac_cv_prog_ac_ct_CXX=g++
ac_cv_prog_ac_ct_DSYMUTIL=dsymutil
ac_cv_prog_ac_ct_LIPO=lipo
ac_cv_prog_ac_ct_NMEDIT=nmedit
ac_cv_prog_ac_ct_OBJDUMP=objdump
ac_cv_prog_ac_ct_OTOOL=otool
ac_cv_prog_ac_ct_RANLIB=ranlib
ac_cv_prog_ac_ct_STRIP=strip
ac_cv_prog_cc_c89=
ac_cv_prog_cc_g=yes
ac_cv_prog_cxx_g=yes
ac_cv_prog_make_make_set=yes
am_cv_CC_dependencies_compiler_type=gcc3
am_cv_CXX_dependencies_compiler_type=gcc3
am_cv_ar_interface=ar
am_cv_make_support_nested_variables=yes
am_cv_prog_cc_c_o=yes
ax_cv_cxx_compile_cxx14=no
ax_cv_cxx_compile_cxx14__std_gnupp14=yes
lt_cv_apple_cc_single_mod=yes
lt_cv_ar_at_file=no
lt_cv_deplibs_check_method=pass_all
lt_cv_file_magic_cmd='$MAGIC_CMD'
lt_cv_file_magic_test_file=
lt_cv_ld_exported_symbols_list=yes
lt_cv_ld_force_load=yes
lt_cv_ld_reload_flag=-r
lt_cv_nm_interface='BSD nm'
lt_cv_objdir=.libs
lt_cv_path_LD=/Library/Developer/CommandLineTools/usr/bin/ld
lt_cv_path_LDCXX=/Library/Developer/CommandLineTools/usr/bin/ld
lt_cv_path_NM='/usr/bin/nm -B'
lt_cv_path_mainfest_tool=no
lt_cv_prog_compiler_c_o=yes
lt_cv_prog_compiler_c_o_CXX=yes
lt_cv_prog_compiler_pic='-fno-common -DPIC'
lt_cv_prog_compiler_pic_CXX='-fno-common -DPIC'
lt_cv_prog_compiler_pic_works=yes
lt_cv_prog_compiler_pic_works_CXX=yes
lt_cv_prog_compiler_rtti_exceptions=yes
lt_cv_prog_compiler_static_works=no
lt_cv_prog_compiler_static_works_CXX=no
lt_cv_prog_gnu_ld=no
lt_cv_prog_gnu_ldcxx=no
lt_cv_sharedlib_from_linklib_cmd='printf %s\n'
lt_cv_sys_global_symbol_pipe='sed -n -e '\''s/^.*[	 ]\([BCDEGRST][BCDEGRST]*\)[	 ][	 ]*_\([_A-Za-z][_A-Za-z0-9]*\)$/\1 _\2 \2/p'\'' | sed '\''/ __gnu_lto/d'\'''
lt_cv_sys_global_symbol_to_c_name_address='sed -n -e '\''s/^: \(.*\) .*$/  {"\1", (void *) 0},/p'\'' -e '\''s/^[BCDEGRST][BCDEGRST]* .* \(.*\)$/  {"\1", (void *) \&\1},/p'\'''
lt_cv_sys_global_symbol_to_c_name_address_lib_prefix='sed -n -e '\''s/^: \(.*\) .*$/  {"\1", (void *) 0},/p'\'' -e '\''s/^[BCDEGRST][BCDEGRST]* .* \(lib.*\)$/  {"\1", (void *) \&\1},/p'\'' -e '\''s/^[BCDEGRST][BCDEGRST]* .* \(.*\)$/  {"lib\1", (void *) \&\1},/p'\'''
lt_cv_sys_global_symbol_to_cdecl='sed -n -e '\''s/^T .* \(.*\)$/extern int \1();/p'\'' -e '\''s/^[BCDEGRST][BCDEGRST]* .* \(.*\)$/extern char \1;/p'\'''
lt_cv_sys_global_symbol_to_import=
lt_cv_sys_max_cmd_len=196608
lt_cv_to_host_file_cmd=func_convert_file_noop
lt_cv_to_tool_file_cmd=func_convert_file_noop
lt_cv_truncate_bin='/bin/dd bs=4096 count=1'

## ----------------- ##
## Output variables. ##
## ----------------- ##

ACLOCAL='${SHELL} /Users/genetics/Documents/Code/vtcombiner/build-aux/missing aclocal-1.16'
AMDEPBACKSLASH='\'
AMDEP_FALSE='#'
AMDEP_TRUE=''
AMTAR='$${TAR-tar}'
AM_BACKSLASH='\'
AM_DEFAULT_V='$(AM_DEFAULT_VERBOSITY)'
AM_DEFAULT_VERBOSITY='1'
AM_V='$(V)'
AR='ar'
AUTOCONF='${SHELL} /Users/genetics/Documents/Code/vtcombiner/build-aux/missing autoconf'
AUTOHEADER='${SHELL} /Users/genetics/Documents/Code/vtcombiner/build-aux/missing autoheader'
AUTOMAKE='${SHELL} /Users/genetics/Documents/Code/vtcombiner/build-aux/missing automake-1.16'
AWK='awk'
CC='gcc'
CCDEPMODE='depmode=gcc3'
CFLAGS=''
CPP='gcc -E'
CPPFLAGS=''
CXX='g++ -std=gnu++14'
CXXCPP='g++ -E -std=gnu++14'
CXXDEPMODE='depmode=gcc3'
CXXFLAGS=''
CYGPATH_W='echo'
DEBUG_FALSE=''
DEBUG_TRUE='#'
DEFS='-DHAVE_CONFIG_H'
DEPDIR='.deps'
DLLTOOL='false'
DSYMUTIL='dsymutil'
DUMPBIN=''
ECHO_C='\c'
ECHO_N=''
ECHO_T=''
EGREP='/usr/bin/grep -E'
EXEEXT=''
FGREP='/usr/bin/grep -F'
GREP='/usr/bin/grep'
HAVE_CXX14='1'
INSTALL_DATA='${INSTALL} -m 644'
INSTALL_PROGRAM='${INSTALL}'
INSTALL_SCRIPT='${INSTALL}'
INSTALL_STRIP_PROGRAM='$(install_sh) -c -s'
LD='/Library/Developer/CommandLineTools/usr/bin/ld'
LDFLAGS=''
LIBOBJS=''
LIBS='-lhts -lgsl -lgslcblas -lm '
LIBTOOL='$(SHELL) $(top_builddir)/libtool'
LIPO='lipo'
LN_S='ln -s'
LTLIBOBJS=''
LT_SYS_LIBRARY_PATH=''
MAKEINFO='${SHELL} /Users/genetics/Documents/Code/vtcombiner/build-aux/missing makeinfo'
MANIFEST_TOOL=':'
MKDIR_P='../build-aux/install-sh -c -d'
NM='/usr/bin/nm -B'
NMEDIT='nmedit'
OBJDUMP='objdump'
OBJEXT='o'
OTOOL64=':'
OTOOL='otool'
PACKAGE='vtcombiner'
PACKAGE_BUGREPORT='stephanie.georges@genetics.utah.edu'
PACKAGE_NAME='VtCombiner'
PACKAGE_STRING='VtCombiner 0.0.1'
PACKAGE_TARNAME='vtcombiner'
PACKAGE_URL=''
PACKAGE_VERSION='0.0.1'
PATH_SEPARATOR=':'
PROFILING_FALSE=''
PROFILING_TRUE='#'
RANLIB='ranlib'
SED='/usr/bin/sed'
SET_MAKE=''
SHELL='/bin/sh'
STRIP='strip'
VERSION='0.0.1'
ac_ct_AR='ar'
ac_ct_CC='gcc'
ac_ct_CXX='g++'
ac_ct_DUMPBIN=''
am__EXEEXT_FALSE=''
am__EXEEXT_TRUE='#'
am__fastdepCC_FALSE='#'
am__fastdepCC_TRUE=''
am__fastdepCXX_FALSE='#'
am__fastdepCXX_TRUE=''
am__include='include'
am__isrc=' -I$(srcdir)'
am__leading_dot='.'
am__nodep='_no'
am__quote=''
am__tar='$${TAR-tar} chof - "$$tardir"'
am__untar='$${TAR-tar} xf -'
bindir='${exec_prefix}/bin'
build='x86_64-apple-darwin17.7.0'
build_alias=''
build_cpu='x86_64'
build_os='darwin17.7.0'
build_vendor='apple'
datadir='${datarootdir}'
datarootdir='${prefix}/share'
docdir='${datarootdir}/doc/${PACKAGE_TARNAME}'
dvidir='${docdir}'
exec_prefix='${prefix}'
host='x86_64-apple-darwin17.7.0'
host_alias=''
host_cpu='x86_64'
host_os='darwin17.7.0'
host_vendor='apple'
htmldir='${docdir}'
includedir='${prefix}/include'
infodir='${datarootdir}/info'
install_sh='${SHELL} /Users/genetics/Documents/Code/vtcombiner/build-aux/install-sh'
libdir='${exec_prefix}/lib'
libexecdir='${exec_prefix}/libexec'
localedir='${datarootdir}/locale'
localstatedir='${prefix}/var'
mandir='${datarootdir}/man'
mkdir_p='$(MKDIR_P)'
oldincludedir='/usr/include'
pdfdir='${docdir}'
prefix='/usr/local'
program_transform_name='s,x,x,'
psdir='${docdir}'
sbindir='${exec_prefix}/sbin'
sharedstatedir='${prefix}/com'
sysconfdir='${prefix}/etc'
target_alias=''

## ----------- ##
## confdefs.h. ##
## ----------- ##

/* confdefs.h */
#define PACKAGE_NAME "VtCombiner"
#define PACKAGE_TARNAME "vtcombiner"
#define PACKAGE_VERSION "0.0.1"
#define PACKAGE_STRING "VtCombiner 0.0.1"
#define PACKAGE_BUGREPORT "stephanie.georges@genetics.utah.edu"
#define PACKAGE_URL ""
#define PACKAGE "vtcombiner"
#define VERSION "0.0.1"
#define STDC_HEADERS 1
#define HAVE_SYS_TYPES_H 1
#define HAVE_SYS_STAT_H 1
#define HAVE_STDLIB_H 1
#define HAVE_STRING_H 1
#define HAVE_MEMORY_H 1
#define HAVE_STRINGS_H 1
#define HAVE_INTTYPES_H 1
#define HAVE_STDINT_H 1
#define HAVE_UNISTD_H 1
#define HAVE_DLFCN_H 1
#define LT_OBJDIR ".libs/"
#define HAVE_CXX14 1
#define HAVE_LIBM 1
#define HAVE_LIBGSLCBLAS 1
#define HAVE_LIBGSL 1
#define HAVE_LIBHTS 1

configure: exit 0
